Added Component: Designator=C1(C0603-ROUND)
Added Component: Designator=C2(C0603-ROUND)
Added Component: Designator=C3(C0603-ROUND)
Added Component: Designator=C4(C0603-ROUND)
Added Component: Designator=C5(C0603-ROUND)
Added Component: Designator=C6(C0603-ROUND)
Added Component: Designator=C7(C0603-ROUND)
Added Component: Designator=C8(SMC_B)
Added Component: Designator=C9(SMC_B)
Added Component: Designator=C10(C0603-ROUND)
Added Component: Designator=C11(SMC_B)
Added Component: Designator=C12(C0603-ROUND)
Added Component: Designator=C13(C0603-ROUND)
Added Component: Designator=C14(C0603-ROUND)
Added Component: Designator=C15(C0603-ROUND)
Added Component: Designator=D1(MINIMELF)
Added Component: Designator=D2(SMB)
Added Component: Designator=F1(L1812)
Added Component: Designator=IC1(SOT223)
Added Component: Designator=IC2(MSOP08)
Added Component: Designator=IC3(MSOP08)
Added Component: Designator=IC4(MSOP08)
Added Component: Designator=ICSP1(2X03)
Added Component: Designator=J1(CON2_USB_MICRO_B_AT)
Added Component: Designator=J2(1X08)
Added Component: Designator=J3(1X08)
Added Component: Designator=J4(1X06)
Added Component: Designator=JP1(1X10)
Added Component: Designator=L1(0805)
Added Component: Designator=L2(0805)
Added Component: Designator=L3(CHIPLED_0805)
Added Component: Designator=L4(CHIPLED_0805)
Added Component: Designator=L5(CHIPLED_0805)
Added Component: Designator=L6(CHIPLED_0805)
Added Component: Designator=P1(POWERSUPPLY_DC-21MM)
Added Component: Designator=R1(R0603-ROUND)
Add component (AddParameter): Name = "LatestRevisionDate"; Value = "17-Jul-2002"; VariantName = "[No Variations]"
Add component (AddParameter): Name = "LatestRevisionNote"; Value = "Re-released for DXP Platform."; VariantName = "[No Variations]"
Add component (AddParameter): Name = "PackageDescription"; Value = "Axial Device, Thru-Hole; 2 Leads; 0.3 in Pin Spacing"; VariantName = "[No Variations]"
Add component (AddParameter): Name = "PackageReference"; Value = "AXIAL-0.3"; VariantName = "[No Variations]"
Add component (AddParameter): Name = "Published"; Value = "8-Jun-2000"; VariantName = "[No Variations]"
Add component (AddParameter): Name = "Publisher"; Value = "Altium Limited"; VariantName = "[No Variations]"
Add component (AddParameter): Name = "Value"; Value = "10K"; VariantName = "[No Variations]"
Added Component: Designator=R2(AXIAL-0.3)
Add component (AddParameter): Name = "LatestRevisionDate"; Value = "17-Jul-2002"; VariantName = "[No Variations]"
Add component (AddParameter): Name = "LatestRevisionNote"; Value = "Re-released for DXP Platform."; VariantName = "[No Variations]"
Add component (AddParameter): Name = "PackageDescription"; Value = "Axial Device, Thru-Hole; 2 Leads; 0.3 in Pin Spacing"; VariantName = "[No Variations]"
Add component (AddParameter): Name = "PackageReference"; Value = "AXIAL-0.3"; VariantName = "[No Variations]"
Add component (AddParameter): Name = "Published"; Value = "8-Jun-2000"; VariantName = "[No Variations]"
Add component (AddParameter): Name = "Publisher"; Value = "Altium Limited"; VariantName = "[No Variations]"
Add component (AddParameter): Name = "Value"; Value = "10K"; VariantName = "[No Variations]"
Added Component: Designator=R3(R0603-ROUND)
Add component (AddParameter): Name = "LatestRevisionDate"; Value = "17-Jul-2002"; VariantName = "[No Variations]"
Add component (AddParameter): Name = "LatestRevisionNote"; Value = "Re-released for DXP Platform."; VariantName = "[No Variations]"
Add component (AddParameter): Name = "PackageDescription"; Value = "Axial Device, Thru-Hole; 2 Leads; 0.3 in Pin Spacing"; VariantName = "[No Variations]"
Add component (AddParameter): Name = "PackageReference"; Value = "AXIAL-0.3"; VariantName = "[No Variations]"
Add component (AddParameter): Name = "Published"; Value = "8-Jun-2000"; VariantName = "[No Variations]"
Add component (AddParameter): Name = "Publisher"; Value = "Altium Limited"; VariantName = "[No Variations]"
Add component (AddParameter): Name = "Value"; Value = "1M"; VariantName = "[No Variations]"
Added Component: Designator=R4(R0603-ROUND)
Add component (AddParameter): Name = "LatestRevisionDate"; Value = "17-Jul-2002"; VariantName = "[No Variations]"
Add component (AddParameter): Name = "LatestRevisionNote"; Value = "Re-released for DXP Platform."; VariantName = "[No Variations]"
Add component (AddParameter): Name = "PackageDescription"; Value = "Axial Device, Thru-Hole; 2 Leads; 0.3 in Pin Spacing"; VariantName = "[No Variations]"
Add component (AddParameter): Name = "PackageReference"; Value = "AXIAL-0.3"; VariantName = "[No Variations]"
Add component (AddParameter): Name = "Published"; Value = "8-Jun-2000"; VariantName = "[No Variations]"
Add component (AddParameter): Name = "Publisher"; Value = "Altium Limited"; VariantName = "[No Variations]"
Add component (AddParameter): Name = "Value"; Value = "NM"; VariantName = "[No Variations]"
Added Component: Designator=R5(R0603-ROUND)
Add component (AddParameter): Name = "LatestRevisionDate"; Value = "17-Jul-2002"; VariantName = "[No Variations]"
Add component (AddParameter): Name = "LatestRevisionNote"; Value = "Re-released for DXP Platform."; VariantName = "[No Variations]"
Add component (AddParameter): Name = "PackageDescription"; Value = "Axial Device, Thru-Hole; 2 Leads; 0.3 in Pin Spacing"; VariantName = "[No Variations]"
Add component (AddParameter): Name = "PackageReference"; Value = "AXIAL-0.3"; VariantName = "[No Variations]"
Add component (AddParameter): Name = "Published"; Value = "8-Jun-2000"; VariantName = "[No Variations]"
Add component (AddParameter): Name = "Publisher"; Value = "Altium Limited"; VariantName = "[No Variations]"
Add component (AddParameter): Name = "Value"; Value = "NM"; VariantName = "[No Variations]"
Added Component: Designator=R6(R0603-ROUND)
Add component (AddParameter): Name = "LatestRevisionDate"; Value = "17-Jul-2002"; VariantName = "[No Variations]"
Add component (AddParameter): Name = "LatestRevisionNote"; Value = "Re-released for DXP Platform."; VariantName = "[No Variations]"
Add component (AddParameter): Name = "PackageDescription"; Value = "Axial Device, Thru-Hole; 2 Leads; 0.3 in Pin Spacing"; VariantName = "[No Variations]"
Add component (AddParameter): Name = "PackageReference"; Value = "AXIAL-0.3"; VariantName = "[No Variations]"
Add component (AddParameter): Name = "Published"; Value = "8-Jun-2000"; VariantName = "[No Variations]"
Add component (AddParameter): Name = "Publisher"; Value = "Altium Limited"; VariantName = "[No Variations]"
Add component (AddParameter): Name = "Value"; Value = "22R"; VariantName = "[No Variations]"
Added Component: Designator=R7(R0603-ROUND)
Add component (AddParameter): Name = "LatestRevisionDate"; Value = "17-Jul-2002"; VariantName = "[No Variations]"
Add component (AddParameter): Name = "LatestRevisionNote"; Value = "Re-released for DXP Platform."; VariantName = "[No Variations]"
Add component (AddParameter): Name = "PackageDescription"; Value = "Axial Device, Thru-Hole; 2 Leads; 0.3 in Pin Spacing"; VariantName = "[No Variations]"
Add component (AddParameter): Name = "PackageReference"; Value = "AXIAL-0.3"; VariantName = "[No Variations]"
Add component (AddParameter): Name = "Published"; Value = "8-Jun-2000"; VariantName = "[No Variations]"
Add component (AddParameter): Name = "Publisher"; Value = "Altium Limited"; VariantName = "[No Variations]"
Add component (AddParameter): Name = "Value"; Value = "22R"; VariantName = "[No Variations]"
Added Component: Designator=R8(AXIAL-0.3)
Add component (AddParameter): Name = "LatestRevisionDate"; Value = "17-Jul-2002"; VariantName = "[No Variations]"
Add component (AddParameter): Name = "LatestRevisionNote"; Value = "Re-released for DXP Platform."; VariantName = "[No Variations]"
Add component (AddParameter): Name = "PackageDescription"; Value = "Axial Device, Thru-Hole; 2 Leads; 0.3 in Pin Spacing"; VariantName = "[No Variations]"
Add component (AddParameter): Name = "PackageReference"; Value = "AXIAL-0.3"; VariantName = "[No Variations]"
Add component (AddParameter): Name = "Published"; Value = "8-Jun-2000"; VariantName = "[No Variations]"
Add component (AddParameter): Name = "Publisher"; Value = "Altium Limited"; VariantName = "[No Variations]"
Add component (AddParameter): Name = "Value"; Value = "1K"; VariantName = "[No Variations]"
Added Component: Designator=R9(AXIAL-0.3)
Add component (AddParameter): Name = "LatestRevisionDate"; Value = "17-Jul-2002"; VariantName = "[No Variations]"
Add component (AddParameter): Name = "LatestRevisionNote"; Value = "Re-released for DXP Platform."; VariantName = "[No Variations]"
Add component (AddParameter): Name = "PackageDescription"; Value = "Axial Device, Thru-Hole; 2 Leads; 0.3 in Pin Spacing"; VariantName = "[No Variations]"
Add component (AddParameter): Name = "PackageReference"; Value = "AXIAL-0.3"; VariantName = "[No Variations]"
Add component (AddParameter): Name = "Published"; Value = "8-Jun-2000"; VariantName = "[No Variations]"
Add component (AddParameter): Name = "Publisher"; Value = "Altium Limited"; VariantName = "[No Variations]"
Add component (AddParameter): Name = "Value"; Value = "1K"; VariantName = "[No Variations]"
Added Component: Designator=R10(AXIAL-0.3)
Add component (AddParameter): Name = "LatestRevisionDate"; Value = "17-Jul-2002"; VariantName = "[No Variations]"
Add component (AddParameter): Name = "LatestRevisionNote"; Value = "Re-released for DXP Platform."; VariantName = "[No Variations]"
Add component (AddParameter): Name = "PackageDescription"; Value = "Axial Device, Thru-Hole; 2 Leads; 0.3 in Pin Spacing"; VariantName = "[No Variations]"
Add component (AddParameter): Name = "PackageReference"; Value = "AXIAL-0.3"; VariantName = "[No Variations]"
Add component (AddParameter): Name = "Published"; Value = "8-Jun-2000"; VariantName = "[No Variations]"
Add component (AddParameter): Name = "Publisher"; Value = "Altium Limited"; VariantName = "[No Variations]"
Add component (AddParameter): Name = "Value"; Value = "1K"; VariantName = "[No Variations]"
Added Component: Designator=R11(AXIAL-0.3)
Add component (AddParameter): Name = "LatestRevisionDate"; Value = "17-Jul-2002"; VariantName = "[No Variations]"
Add component (AddParameter): Name = "LatestRevisionNote"; Value = "Re-released for DXP Platform."; VariantName = "[No Variations]"
Add component (AddParameter): Name = "PackageDescription"; Value = "Axial Device, Thru-Hole; 2 Leads; 0.3 in Pin Spacing"; VariantName = "[No Variations]"
Add component (AddParameter): Name = "PackageReference"; Value = "AXIAL-0.3"; VariantName = "[No Variations]"
Add component (AddParameter): Name = "Published"; Value = "8-Jun-2000"; VariantName = "[No Variations]"
Add component (AddParameter): Name = "Publisher"; Value = "Altium Limited"; VariantName = "[No Variations]"
Add component (AddParameter): Name = "Value"; Value = "1K"; VariantName = "[No Variations]"
Added Component: Designator=R12(R0603-ROUND)
Add component (AddParameter): Name = "LatestRevisionDate"; Value = "17-Jul-2002"; VariantName = "[No Variations]"
Add component (AddParameter): Name = "LatestRevisionNote"; Value = "Re-released for DXP Platform."; VariantName = "[No Variations]"
Add component (AddParameter): Name = "PackageDescription"; Value = "Axial Device, Thru-Hole; 2 Leads; 0.3 in Pin Spacing"; VariantName = "[No Variations]"
Add component (AddParameter): Name = "PackageReference"; Value = "AXIAL-0.3"; VariantName = "[No Variations]"
Add component (AddParameter): Name = "Published"; Value = "8-Jun-2000"; VariantName = "[No Variations]"
Add component (AddParameter): Name = "Publisher"; Value = "Altium Limited"; VariantName = "[No Variations]"
Add component (AddParameter): Name = "Value"; Value = "10K"; VariantName = "[No Variations]"
Added Component: Designator=R13(R0603-ROUND)
Add component (AddParameter): Name = "LatestRevisionDate"; Value = "17-Jul-2002"; VariantName = "[No Variations]"
Add component (AddParameter): Name = "LatestRevisionNote"; Value = "Re-released for DXP Platform."; VariantName = "[No Variations]"
Add component (AddParameter): Name = "PackageDescription"; Value = "Axial Device, Thru-Hole; 2 Leads; 0.3 in Pin Spacing"; VariantName = "[No Variations]"
Add component (AddParameter): Name = "PackageReference"; Value = "AXIAL-0.3"; VariantName = "[No Variations]"
Add component (AddParameter): Name = "Published"; Value = "8-Jun-2000"; VariantName = "[No Variations]"
Add component (AddParameter): Name = "Publisher"; Value = "Altium Limited"; VariantName = "[No Variations]"
Add component (AddParameter): Name = "Value"; Value = "10K"; VariantName = "[No Variations]"
Added Component: Designator=RESET1(TS42)
Added Component: Designator=T1(SOT-23)
Added Component: Designator=U1(TQFP44-PAD)
Added Component: Designator=U2(QFN44ML7X7)
Added Component: Designator=U3(SOT23-DBV)
Added Component: Designator=Y1(CRYSTAL-3.2-2.5)
Added Component: Designator=Z1(CT/CN0603)
Added Component: Designator=Z2(CT/CN0603)
Added Pin To Net: NetName=+3V3 Pin=C12-2
Added Pin To Net: NetName=+3V3 Pin=IC3-6
Added Pin To Net: NetName=+3V3 Pin=J3-4
Added Pin To Net: NetName=+3V3 Pin=U3-5
Added Net: Name=+3V3
Added Pin To Net: NetName=+5V Pin=C1-1
Added Pin To Net: NetName=+5V Pin=C2-1
Added Pin To Net: NetName=+5V Pin=C11-+
Added Pin To Net: NetName=+5V Pin=C13-1
Added Pin To Net: NetName=+5V Pin=C15-2
Added Pin To Net: NetName=+5V Pin=D1-C
Added Pin To Net: NetName=+5V Pin=IC1-2
Added Pin To Net: NetName=+5V Pin=IC1-4
Added Pin To Net: NetName=+5V Pin=IC4-8
Added Pin To Net: NetName=+5V Pin=ICSP1-2
Added Pin To Net: NetName=+5V Pin=J3-2
Added Pin To Net: NetName=+5V Pin=J3-5
Added Pin To Net: NetName=+5V Pin=L1-1
Added Pin To Net: NetName=+5V Pin=R1-2
Added Pin To Net: NetName=+5V Pin=R9-2
Added Pin To Net: NetName=+5V Pin=R10-2
Added Pin To Net: NetName=+5V Pin=R11-2
Added Pin To Net: NetName=+5V Pin=T1-2
Added Pin To Net: NetName=+5V Pin=U1-2
Added Pin To Net: NetName=+5V Pin=U1-14
Added Pin To Net: NetName=+5V Pin=U1-34
Added Pin To Net: NetName=+5V Pin=U2-2
Added Pin To Net: NetName=+5V Pin=U2-14
Added Pin To Net: NetName=+5V Pin=U2-34
Added Pin To Net: NetName=+5V Pin=U3-1
Added Pin To Net: NetName=+5V Pin=U3-3
Added Net: Name=+5V
Added Pin To Net: NetName=A0 Pin=J4-1
Added Pin To Net: NetName=A0 Pin=U1-36
Added Pin To Net: NetName=A0 Pin=U2-36
Added Net: Name=A0
Added Pin To Net: NetName=A1 Pin=J4-2
Added Pin To Net: NetName=A1 Pin=U1-37
Added Pin To Net: NetName=A1 Pin=U2-37
Added Net: Name=A1
Added Pin To Net: NetName=A2 Pin=J4-3
Added Pin To Net: NetName=A2 Pin=U1-38
Added Pin To Net: NetName=A2 Pin=U2-38
Added Net: Name=A2
Added Pin To Net: NetName=A3 Pin=J4-4
Added Pin To Net: NetName=A3 Pin=U1-39
Added Pin To Net: NetName=A3 Pin=U2-39
Added Net: Name=A3
Added Pin To Net: NetName=A4 Pin=J4-5
Added Pin To Net: NetName=A4 Pin=U1-40
Added Pin To Net: NetName=A4 Pin=U2-40
Added Net: Name=A4
Added Pin To Net: NetName=A5 Pin=J4-6
Added Pin To Net: NetName=A5 Pin=U1-41
Added Pin To Net: NetName=A5 Pin=U2-41
Added Net: Name=A5
Added Pin To Net: NetName=AGND Pin=C6-1
Added Pin To Net: NetName=AGND Pin=R4-1
Added Pin To Net: NetName=AGND Pin=U1-43
Added Pin To Net: NetName=AGND Pin=U2-43
Added Net: Name=AGND
Added Pin To Net: NetName=AREF Pin=C6-2
Added Pin To Net: NetName=AREF Pin=JP1-8
Added Pin To Net: NetName=AREF Pin=U1-42
Added Pin To Net: NetName=AREF Pin=U2-42
Added Net: Name=AREF
Added Pin To Net: NetName=AVCC Pin=C5-1
Added Pin To Net: NetName=AVCC Pin=L1-2
Added Pin To Net: NetName=AVCC Pin=U1-24
Added Pin To Net: NetName=AVCC Pin=U1-44
Added Pin To Net: NetName=AVCC Pin=U2-24
Added Pin To Net: NetName=AVCC Pin=U2-44
Added Net: Name=AVCC
Added Pin To Net: NetName=CMP Pin=C14-2
Added Pin To Net: NetName=CMP Pin=IC3-5
Added Pin To Net: NetName=CMP Pin=R12-1
Added Pin To Net: NetName=CMP Pin=R13-2
Added Net: Name=CMP
Added Pin To Net: NetName=D0/RX Pin=J2-1
Added Pin To Net: NetName=D0/RX Pin=U1-20
Added Pin To Net: NetName=D0/RX Pin=U2-20
Added Net: Name=D0/RX
Added Pin To Net: NetName=D1/TX Pin=J2-2
Added Pin To Net: NetName=D1/TX Pin=U1-21
Added Pin To Net: NetName=D1/TX Pin=U2-21
Added Net: Name=D1/TX
Added Pin To Net: NetName=D2/SDA Pin=J2-3
Added Pin To Net: NetName=D2/SDA Pin=JP1-9
Added Pin To Net: NetName=D2/SDA Pin=U1-19
Added Pin To Net: NetName=D2/SDA Pin=U2-19
Added Net: Name=D2/SDA
Added Pin To Net: NetName=D3/SCL Pin=J2-4
Added Pin To Net: NetName=D3/SCL Pin=JP1-10
Added Pin To Net: NetName=D3/SCL Pin=U1-18
Added Pin To Net: NetName=D3/SCL Pin=U2-18
Added Net: Name=D3/SCL
Added Pin To Net: NetName=D4 Pin=J2-5
Added Pin To Net: NetName=D4 Pin=U1-25
Added Pin To Net: NetName=D4 Pin=U2-25
Added Net: Name=D4
Added Pin To Net: NetName=D5* Pin=J2-6
Added Pin To Net: NetName=D5* Pin=U1-31
Added Pin To Net: NetName=D5* Pin=U2-31
Added Net: Name=D5*
Added Pin To Net: NetName=D6* Pin=J2-7
Added Pin To Net: NetName=D6* Pin=U1-27
Added Pin To Net: NetName=D6* Pin=U2-27
Added Net: Name=D6*
Added Pin To Net: NetName=D7 Pin=J2-8
Added Pin To Net: NetName=D7 Pin=U1-1
Added Pin To Net: NetName=D7 Pin=U2-1
Added Net: Name=D7
Added Pin To Net: NetName=D+ Pin=J1-P3
Added Pin To Net: NetName=D+ Pin=R7-1
Added Pin To Net: NetName=D+ Pin=Z1-1
Added Net: Name=D+
Added Pin To Net: NetName=D- Pin=J1-P2
Added Pin To Net: NetName=D- Pin=R6-1
Added Pin To Net: NetName=D- Pin=Z2-1
Added Net: Name=D-
Added Pin To Net: NetName=GATE_CMD Pin=IC3-7
Added Pin To Net: NetName=GATE_CMD Pin=T1-3
Added Net: Name=GATE_CMD
Added Pin To Net: NetName=GND Pin=C1-2
Added Pin To Net: NetName=GND Pin=C2-2
Added Pin To Net: NetName=GND Pin=C3-1
Added Pin To Net: NetName=GND Pin=C4-2
Added Pin To Net: NetName=GND Pin=C5-2
Added Pin To Net: NetName=GND Pin=C8--
Added Pin To Net: NetName=GND Pin=C9--
Added Pin To Net: NetName=GND Pin=C10-1
Added Pin To Net: NetName=GND Pin=C11--
Added Pin To Net: NetName=GND Pin=C12-1
Added Pin To Net: NetName=GND Pin=C13-2
Added Pin To Net: NetName=GND Pin=C14-1
Added Pin To Net: NetName=GND Pin=C15-1
Added Pin To Net: NetName=GND Pin=D2-A
Added Pin To Net: NetName=GND Pin=IC1-1
Added Pin To Net: NetName=GND Pin=IC4-4
Added Pin To Net: NetName=GND Pin=J1-S1
Added Pin To Net: NetName=GND Pin=J1-S2
Added Pin To Net: NetName=GND Pin=J1-S3
Added Pin To Net: NetName=GND Pin=J1-S4
Added Pin To Net: NetName=GND Pin=J1-S5
Added Pin To Net: NetName=GND Pin=J1-S6
Added Pin To Net: NetName=GND Pin=J3-6
Added Pin To Net: NetName=GND Pin=J3-7
Added Pin To Net: NetName=GND Pin=JP1-7
Added Pin To Net: NetName=GND Pin=L2-2
Added Pin To Net: NetName=GND Pin=L3-C
Added Pin To Net: NetName=GND Pin=L6-C
Added Pin To Net: NetName=GND Pin=P1-1
Added Pin To Net: NetName=GND Pin=P1-3
Added Pin To Net: NetName=GND Pin=R2-2
Added Pin To Net: NetName=GND Pin=R4-2
Added Pin To Net: NetName=GND Pin=R5-1
Added Pin To Net: NetName=GND Pin=R13-1
Added Pin To Net: NetName=GND Pin=RESET1-3
Added Pin To Net: NetName=GND Pin=RESET1-4
Added Pin To Net: NetName=GND Pin=U1-15
Added Pin To Net: NetName=GND Pin=U1-23
Added Pin To Net: NetName=GND Pin=U1-35
Added Pin To Net: NetName=GND Pin=U1-P$1
Added Pin To Net: NetName=GND Pin=U2-15
Added Pin To Net: NetName=GND Pin=U2-23
Added Pin To Net: NetName=GND Pin=U2-35
Added Pin To Net: NetName=GND Pin=U2-EXP
Added Pin To Net: NetName=GND Pin=U3-2
Added Pin To Net: NetName=GND Pin=Y1-2
Added Pin To Net: NetName=GND Pin=Y1-4
Added Pin To Net: NetName=GND Pin=Z1-2
Added Pin To Net: NetName=GND Pin=Z2-2
Added Net: Name=GND
Added Pin To Net: NetName=HWB Pin=R2-1
Added Pin To Net: NetName=HWB Pin=U1-33
Added Pin To Net: NetName=HWB Pin=U2-33
Added Net: Name=HWB
Added Pin To Net: NetName=IO8 Pin=JP1-1
Added Pin To Net: NetName=IO8 Pin=U1-28
Added Pin To Net: NetName=IO8 Pin=U2-28
Added Net: Name=IO8
Added Pin To Net: NetName=IO9* Pin=JP1-2
Added Pin To Net: NetName=IO9* Pin=U1-29
Added Pin To Net: NetName=IO9* Pin=U2-29
Added Net: Name=IO9*
Added Pin To Net: NetName=IO10* Pin=JP1-3
Added Pin To Net: NetName=IO10* Pin=U1-30
Added Pin To Net: NetName=IO10* Pin=U2-30
Added Net: Name=IO10*
Added Pin To Net: NetName=IO11* Pin=JP1-4
Added Pin To Net: NetName=IO11* Pin=U1-12
Added Pin To Net: NetName=IO11* Pin=U2-12
Added Net: Name=IO11*
Added Pin To Net: NetName=IO12 Pin=JP1-5
Added Pin To Net: NetName=IO12 Pin=U1-26
Added Pin To Net: NetName=IO12 Pin=U2-26
Added Net: Name=IO12
Added Pin To Net: NetName=IO13* Pin=IC2-3
Added Pin To Net: NetName=IO13* Pin=JP1-6
Added Pin To Net: NetName=IO13* Pin=U1-32
Added Pin To Net: NetName=IO13* Pin=U2-32
Added Net: Name=IO13*
Added Pin To Net: NetName=MISO Pin=ICSP1-1
Added Pin To Net: NetName=MISO Pin=U1-11
Added Pin To Net: NetName=MISO Pin=U2-11
Added Net: Name=MISO
Added Pin To Net: NetName=MOSI Pin=ICSP1-4
Added Pin To Net: NetName=MOSI Pin=U1-10
Added Pin To Net: NetName=MOSI Pin=U2-10
Added Net: Name=MOSI
Added Pin To Net: NetName=NetIC2_1 Pin=IC2-1
Added Pin To Net: NetName=NetIC2_1 Pin=IC2-2
Added Pin To Net: NetName=NetIC2_1 Pin=R8-2
Added Net: Name=NetIC2_1
Added Pin To Net: NetName=NetJ1_P4 Pin=J1-P4
Added Net: Name=NetJ1_P4
Added Pin To Net: NetName=NetJ3_1 Pin=J3-1
Added Net: Name=NetJ3_1
Added Pin To Net: NetName=NetL3_A Pin=L3-A
Added Pin To Net: NetName=NetL3_A Pin=R8-1
Added Net: Name=NetL3_A
Added Pin To Net: NetName=NetL4_A Pin=L4-A
Added Pin To Net: NetName=NetL4_A Pin=R9-1
Added Net: Name=NetL4_A
Added Pin To Net: NetName=NetL5_A Pin=L5-A
Added Pin To Net: NetName=NetL5_A Pin=R10-1
Added Net: Name=NetL5_A
Added Pin To Net: NetName=NetL6_A Pin=L6-A
Added Pin To Net: NetName=NetL6_A Pin=R11-1
Added Net: Name=NetL6_A
Added Pin To Net: NetName=RD+ Pin=R7-2
Added Pin To Net: NetName=RD+ Pin=U1-4
Added Pin To Net: NetName=RD+ Pin=U2-4
Added Net: Name=RD+
Added Pin To Net: NetName=RD- Pin=R6-2
Added Pin To Net: NetName=RD- Pin=U1-3
Added Pin To Net: NetName=RD- Pin=U2-3
Added Net: Name=RD-
Added Pin To Net: NetName=RESET Pin=D1-A
Added Pin To Net: NetName=RESET Pin=ICSP1-5
Added Pin To Net: NetName=RESET Pin=J3-3
Added Pin To Net: NetName=RESET Pin=R1-1
Added Pin To Net: NetName=RESET Pin=RESET1-1
Added Pin To Net: NetName=RESET Pin=RESET1-2
Added Pin To Net: NetName=RESET Pin=U1-13
Added Pin To Net: NetName=RESET Pin=U2-13
Added Net: Name=RESET
Added Pin To Net: NetName=RXLED Pin=L5-C
Added Pin To Net: NetName=RXLED Pin=U1-8
Added Pin To Net: NetName=RXLED Pin=U2-8
Added Net: Name=RXLED
Added Pin To Net: NetName=SCK Pin=ICSP1-3
Added Pin To Net: NetName=SCK Pin=U1-9
Added Pin To Net: NetName=SCK Pin=U2-9
Added Net: Name=SCK
Added Pin To Net: NetName=TXLED Pin=L4-C
Added Pin To Net: NetName=TXLED Pin=U1-22
Added Pin To Net: NetName=TXLED Pin=U2-22
Added Net: Name=TXLED
Added Pin To Net: NetName=UCAP Pin=C7-1
Added Pin To Net: NetName=UCAP Pin=U1-6
Added Pin To Net: NetName=UCAP Pin=U2-6
Added Net: Name=UCAP
Added Pin To Net: NetName=UGND Pin=C7-2
Added Pin To Net: NetName=UGND Pin=J1-P5
Added Pin To Net: NetName=UGND Pin=L2-1
Added Pin To Net: NetName=UGND Pin=R5-2
Added Pin To Net: NetName=UGND Pin=U1-5
Added Pin To Net: NetName=UGND Pin=U2-5
Added Net: Name=UGND
Added Pin To Net: NetName=VIN Pin=C8-+
Added Pin To Net: NetName=VIN Pin=D2-C
Added Pin To Net: NetName=VIN Pin=IC1-3
Added Pin To Net: NetName=VIN Pin=J3-8
Added Pin To Net: NetName=VIN Pin=P1-2
Added Pin To Net: NetName=VIN Pin=R12-2
Added Net: Name=VIN
Added Pin To Net: NetName=VUSB Pin=C9-+
Added Pin To Net: NetName=VUSB Pin=C10-2
Added Pin To Net: NetName=VUSB Pin=F1-1
Added Pin To Net: NetName=VUSB Pin=T1-1
Added Pin To Net: NetName=VUSB Pin=U1-7
Added Pin To Net: NetName=VUSB Pin=U2-7
Added Net: Name=VUSB
Added Pin To Net: NetName=XTAL1 Pin=C4-1
Added Pin To Net: NetName=XTAL1 Pin=R3-1
Added Pin To Net: NetName=XTAL1 Pin=U1-17
Added Pin To Net: NetName=XTAL1 Pin=U2-17
Added Pin To Net: NetName=XTAL1 Pin=Y1-1
Added Net: Name=XTAL1
Added Pin To Net: NetName=XTAL2 Pin=C3-2
Added Pin To Net: NetName=XTAL2 Pin=R3-2
Added Pin To Net: NetName=XTAL2 Pin=U1-16
Added Pin To Net: NetName=XTAL2 Pin=U2-16
Added Pin To Net: NetName=XTAL2 Pin=Y1-3
Added Net: Name=XTAL2
Added Pin To Net: NetName=XUSB Pin=F1-2
Added Pin To Net: NetName=XUSB Pin=J1-P1
Added Net: Name=XUSB
Added Class: Name=2Leonardo_PCB
