Change Physical Footprint: Designator=C1 Old Footprint=C0603-ROUND New Footprint=C0603-ROUND
Change Physical Footprint: Designator=C2 Old Footprint=C0603-ROUND New Footprint=C0603-ROUND
Change Physical Footprint: Designator=C3 Old Footprint=C0603-ROUND New Footprint=C0603-ROUND
Change Physical Footprint: Designator=C4 Old Footprint=C0603-ROUND New Footprint=C0603-ROUND
Change Physical Footprint: Designator=C5 Old Footprint=C0603-ROUND New Footprint=C0603-ROUND
Change Physical Footprint: Designator=C6 Old Footprint=C0603-ROUND New Footprint=C0603-ROUND
Change Physical Footprint: Designator=C7 Old Footprint=C0603-ROUND New Footprint=C0603-ROUND
Change Physical Footprint: Designator=C8 Old Footprint=SMC_B New Footprint=SMC_B
Change Physical Footprint: Designator=C9 Old Footprint=SMC_B New Footprint=SMC_B
Change Physical Footprint: Designator=C10 Old Footprint=C0603-ROUND New Footprint=C0603-ROUND
Change Physical Footprint: Designator=C11 Old Footprint=SMC_B New Footprint=SMC_B
Change Physical Footprint: Designator=C12 Old Footprint=C0603-ROUND New Footprint=C0603-ROUND
Change Physical Footprint: Designator=C13 Old Footprint=C0603-ROUND New Footprint=C0603-ROUND
Change Physical Footprint: Designator=C14 Old Footprint=C0603-ROUND New Footprint=C0603-ROUND
Change Physical Footprint: Designator=C15 Old Footprint=C0603-ROUND New Footprint=C0603-ROUND
Change Physical Footprint: Designator=D1 Old Footprint=MINIMELF New Footprint=MINIMELF
Change Physical Footprint: Designator=D2 Old Footprint=SMB New Footprint=SMB
Change Physical Footprint: Designator=F1 Old Footprint=L1812 New Footprint=L1812
Change Physical Footprint: Designator=IC1 Old Footprint=SOT223 New Footprint=SOT223
Change Physical Footprint: Designator=IC2 Old Footprint=MSOP08 New Footprint=MSOP08
Change Physical Footprint: Designator=ICSP1 Old Footprint=2X03 New Footprint=2X03
Change Physical Footprint: Designator=J1 Old Footprint=CON2_USB_MICRO_B_AT New Footprint=CON2_USB_MICRO_B_AT
Change Physical Footprint: Designator=J2 Old Footprint=1X08 New Footprint=1X08
Change Physical Footprint: Designator=J3 Old Footprint=1X08 New Footprint=1X08
Change Physical Footprint: Designator=J4 Old Footprint=1X06 New Footprint=1X06
Change Physical Footprint: Designator=JP1 Old Footprint=1X10 New Footprint=1X10
Change Physical Footprint: Designator=L1 Old Footprint=0805 New Footprint=0805
Change Physical Footprint: Designator=L2 Old Footprint=0805 New Footprint=0805
Change Physical Footprint: Designator=L3 Old Footprint=CHIPLED_0805 New Footprint=CHIPLED_0805
Change Physical Footprint: Designator=ON1 Old Footprint=CHIPLED_0805 New Footprint=CHIPLED_0805
Change Physical Footprint: Designator=ORIGIN1 Old Footprint=FIDUCIA-MOUNT New Footprint=FIDUCIA-MOUNT
Change Physical Footprint: Designator=P1 Old Footprint=POWERSUPPLY_DC-21MM New Footprint=POWERSUPPLY_DC-21MM
Change Physical Footprint: Designator=R1 Old Footprint=R0603-ROUND New Footprint=R0603-ROUND
Change Physical Footprint: Designator=R2 Old Footprint=R0603-ROUND New Footprint=R0603-ROUND
Change Physical Footprint: Designator=R3 Old Footprint=R0603-ROUND New Footprint=R0603-ROUND
Change Physical Footprint: Designator=R4 Old Footprint=R0603-ROUND New Footprint=R0603-ROUND
Change Physical Footprint: Designator=R5 Old Footprint=R0603-ROUND New Footprint=R0603-ROUND
Change Physical Footprint: Designator=R6 Old Footprint=R0603-ROUND New Footprint=R0603-ROUND
Change Physical Footprint: Designator=R7 Old Footprint=R0603-ROUND New Footprint=R0603-ROUND
Change Physical Footprint: Designator=R8 Old Footprint=R0603-ROUND New Footprint=R0603-ROUND
Change Physical Footprint: Designator=R9 Old Footprint=R0603-ROUND New Footprint=R0603-ROUND
Change Physical Footprint: Designator=R10 Old Footprint=R0603-ROUND New Footprint=R0603-ROUND
Change Physical Footprint: Designator=R11 Old Footprint=R0603-ROUND New Footprint=R0603-ROUND
Change Physical Footprint: Designator=R12 Old Footprint=R0603-ROUND New Footprint=R0603-ROUND
Change Physical Footprint: Designator=R13 Old Footprint=R0603-ROUND New Footprint=R0603-ROUND
Change Physical Footprint: Designator=RESET1 Old Footprint=TS42 New Footprint=TS42
Change Physical Footprint: Designator=RX1 Old Footprint=CHIPLED_0805 New Footprint=CHIPLED_0805
Change Physical Footprint: Designator=T1 Old Footprint=SOT-23 New Footprint=SOT-23
Change Physical Footprint: Designator=TX1 Old Footprint=CHIPLED_0805 New Footprint=CHIPLED_0805
Change Physical Footprint: Designator=U1 Old Footprint=TQFP44-PAD New Footprint=TQFP44-PAD
Change Physical Footprint: Designator=U2 Old Footprint=QFN44ML7X7 New Footprint=QFN44ML7X7
Change Physical Footprint: Designator=U3 Old Footprint=SOT23-DBV New Footprint=SOT23-DBV
Change Physical Footprint: Designator=Y1 Old Footprint=CRYSTAL-3.2-2.5 New Footprint=CRYSTAL-3.2-2.5
Change Physical Footprint: Designator=Z1 Old Footprint=CT/CN0603 New Footprint=CT/CN0603
Change Physical Footprint: Designator=Z2 Old Footprint=CT/CN0603 New Footprint=CT/CN0603
